#
# A fatal error has been detected by the Java Runtime Environment:
#
#  Internal Error (javaClasses.cpp:126), pid=2664, tid=6064
#  fatal error: Invalid layout of preloaded class
#
# JRE version:  (8.0_20-b26) (build )
# Java VM: Java HotSpot(TM) 64-Bit Server VM (25.20-b23 mixed mode windows-amd64 compressed oops)
# Failed to write core dump. Minidumps are not enabled by default on client versions of Windows
#
# If you would like to submit a bug report, please visit:
#   http://bugreport.sun.com/bugreport/crash.jsp
#

---------------  T H R E A D  ---------------

Current thread (0x0000000002d10800):  JavaThread "Unknown thread" [_thread_in_vm, id=6064, stack(0x0000000002c10000,0x0000000002d10000)]

Stack: [0x0000000002c10000,0x0000000002d10000]
Native frames: (J=compiled Java code, j=interpreted, Vv=VM code, C=native code)
V  [jvm.dll+0x3152fa]
V  [jvm.dll+0x265d03]
V  [jvm.dll+0x266943]
V  [jvm.dll+0x25e1e6]
V  [jvm.dll+0x5e64c]
V  [jvm.dll+0x5e743]
V  [jvm.dll+0x7316a]
V  [jvm.dll+0x734c8]
V  [jvm.dll+0xe3937]
V  [jvm.dll+0xe3cc6]
V  [jvm.dll+0x1f89d7]
V  [jvm.dll+0x229fc4]
V  [jvm.dll+0x14c6f1]
C  [javaw.exe+0x20c6]
C  [javaw.exe+0xc9eb]
C  [javaw.exe+0xca7f]
C  [KERNEL32.DLL+0x16ad]
C  [ntdll.dll+0x54409]


---------------  P R O C E S S  ---------------

Java Threads: ( => current thread )

Other Threads:

=>0x0000000002d10800 (exited) JavaThread "Unknown thread" [_thread_in_vm, id=6064, stack(0x0000000002c10000,0x0000000002d10000)]

VM state:not at safepoint (not fully initialized)

VM Mutex/Monitor currently owned by a thread: None

GC Heap History (0 events):
No events

Deoptimization events (0 events):
No events

Internal exceptions (0 events):
No events

Events (10 events):
Event: 0.012 loading class java/lang/CharSequence done
Event: 0.013 loading class java/lang/String done
Event: 0.013 loading class java/lang/Class
Event: 0.013 loading class java/lang/reflect/AnnotatedElement
Event: 0.013 loading class java/lang/reflect/AnnotatedElement done
Event: 0.013 loading class java/lang/reflect/GenericDeclaration
Event: 0.013 loading class java/lang/reflect/GenericDeclaration done
Event: 0.013 loading class java/lang/reflect/Type
Event: 0.013 loading class java/lang/reflect/Type done
Event: 0.013 loading class java/lang/Class done


Dynamic libraries:
0x00007ff6c4ae0000 - 0x00007ff6c4b14000 	C:\Program Files\Java\jre1.8.0_20\bin\javaw.exe
0x00007ff8d6e10000 - 0x00007ff8d6fb6000 	C:\Windows\SYSTEM32\ntdll.dll
0x00007ff8d6340000 - 0x00007ff8d647a000 	C:\Windows\system32\KERNEL32.DLL
0x00007ff8d4250000 - 0x00007ff8d435f000 	C:\Windows\system32\KERNELBASE.dll
0x00007ff8d2b60000 - 0x00007ff8d2be8000 	C:\Windows\system32\apphelp.dll
0x00007ff8bfbd0000 - 0x00007ff8bfc1f000 	C:\Windows\AppPatch\AppPatch64\AcGenral.DLL
0x00007ff8d5e20000 - 0x00007ff8d5ec7000 	C:\Windows\system32\msvcrt.dll
0x00007ff8d4030000 - 0x00007ff8d405b000 	C:\Windows\SYSTEM32\SspiCli.dll
0x00007ff8d5f30000 - 0x00007ff8d5f81000 	C:\Windows\system32\SHLWAPI.dll
0x00007ff8d4690000 - 0x00007ff8d4801000 	C:\Windows\system32\USER32.dll
0x00007ff8d6110000 - 0x00007ff8d6288000 	C:\Windows\system32\ole32.dll
0x00007ff8d4a10000 - 0x00007ff8d5e1f000 	C:\Windows\system32\SHELL32.dll
0x00007ff8d37f0000 - 0x00007ff8d380e000 	C:\Windows\SYSTEM32\USERENV.dll
0x00007ff8d5f90000 - 0x00007ff8d6035000 	C:\Windows\system32\ADVAPI32.dll
0x00007ff8d19e0000 - 0x00007ff8d19fb000 	C:\Windows\SYSTEM32\MPR.dll
0x00007ff8d6af0000 - 0x00007ff8d6c27000 	C:\Windows\system32\RPCRT4.dll
0x00007ff8d5ed0000 - 0x00007ff8d5f27000 	C:\Windows\SYSTEM32\sechost.dll
0x00007ff8d6650000 - 0x00007ff8d6826000 	C:\Windows\SYSTEM32\combase.dll
0x00007ff8d6830000 - 0x00007ff8d6974000 	C:\Windows\system32\GDI32.dll
0x00007ff8d4180000 - 0x00007ff8d4194000 	C:\Windows\SYSTEM32\profapi.dll
0x00007ff8d1f70000 - 0x00007ff8d200f000 	C:\Windows\SYSTEM32\SHCORE.dll
0x00007ff8d6300000 - 0x00007ff8d6334000 	C:\Windows\system32\IMM32.DLL
0x00007ff8d69a0000 - 0x00007ff8d6ad9000 	C:\Windows\system32\MSCTF.dll
0x00007ff8d1ac0000 - 0x00007ff8d1d1a000 	C:\Windows\WinSxS\amd64_microsoft.windows.common-controls_6595b64144ccf1df_6.0.9600.17031_none_6242a4b3ecbb55a1\COMCTL32.dll
0x0000000076980000 - 0x0000000076a52000 	C:\Program Files\Java\jre1.8.0_20\bin\msvcr100.dll
0x0000000076120000 - 0x0000000076978000 	C:\Program Files\Java\jre1.8.0_20\bin\server\jvm.dll
0x00007ff8ca360000 - 0x00007ff8ca369000 	C:\Windows\SYSTEM32\WSOCK32.dll
0x00007ff8cebd0000 - 0x00007ff8cebef000 	C:\Windows\SYSTEM32\WINMM.dll
0x00007ff8d6640000 - 0x00007ff8d6647000 	C:\Windows\system32\PSAPI.DLL
0x00007ff8d62a0000 - 0x00007ff8d62f8000 	C:\Windows\system32\WS2_32.dll
0x00007ff8ceba0000 - 0x00007ff8cebca000 	C:\Windows\SYSTEM32\WINMMBASE.dll
0x00007ff8d6ae0000 - 0x00007ff8d6ae9000 	C:\Windows\system32\NSI.dll
0x00007ff8d4640000 - 0x00007ff8d468a000 	C:\Windows\SYSTEM32\cfgmgr32.dll
0x00007ff8d2fe0000 - 0x00007ff8d3006000 	C:\Windows\SYSTEM32\DEVOBJ.dll
0x0000000076110000 - 0x000000007611f000 	C:\Program Files\Java\jre1.8.0_20\bin\verify.dll
0x00000000760e0000 - 0x0000000076108000 	C:\Program Files\Java\jre1.8.0_20\bin\java.dll
0x00000000760c0000 - 0x00000000760d6000 	C:\Program Files\Java\jre1.8.0_20\bin\zip.dll
0x00007ff8cd160000 - 0x00007ff8cd2e8000 	C:\Windows\SYSTEM32\dbghelp.dll

VM Arguments:
jvm_args: -Dfile.encoding=UTF-8 -Xbootclasspath:F:\adt-bundle-windows-x86_64-20140702\sdk\platforms\android-20\android.jar 
java_command: com.kindleassistant.activity.AppStart
java_class_path (initial): F:\Android\KindleAssistant\bin\classes;F:\Android\KindleAssistant\libs\android-support-v4.jar
Launcher Type: SUN_STANDARD

Environment Variables:
JAVA_HOME=C:\java\jdk1.8.0_11
CLASSPATH=.;C:\java\jdk1.8.0_11\lib;C:\java\jdk1.8.0_11\lib\tools.jar
PATH=C:\ProgramData\Oracle\Java\javapath;C:\Program Files (x86)\Common Files\NetSarang;c:\Program Files (x86)\Intel\iCLS Client\;c:\Program Files\Intel\iCLS Client\;C:\Windows\system32;C:\Windows;C:\Windows\System32\Wbem;C:\Windows\System32\WindowsPowerShell\v1.0\;C:\Program Files\Intel\Intel(R) Management Engine Components\DAL;C:\Program Files\Intel\Intel(R) Management Engine Components\IPT;C:\Program Files (x86)\Intel\Intel(R) Management Engine Components\DAL;C:\Program Files (x86)\Intel\Intel(R) Management Engine Components\IPT;c:\Program Files (x86)\ATI Technologies\ATI.ACE\Core-Static;C:\Program Files\Intel\WiFi\bin\;C:\Program Files\Common Files\Intel\WirelessCommon\;C:\Program Files (x86)\Windows Live\Shared;C:\Program Files (x86)\VanDyke Software\Clients\;C:\java\jdk1.8.0_11\bin; C:\java\jdk1.8.0_11\jre\bin;C:\Program Files (x86)\VanDyke Software\Clients\;F:\adt-bundle-windows-x86_64-20140702\sdk\platform-tools;F:\adt-bundle-windows-x86_64-20140702\sdk\tools
USERNAME=wuzhenyu
OS=Windows_NT
PROCESSOR_IDENTIFIER=Intel64 Family 6 Model 69 Stepping 1, GenuineIntel



---------------  S Y S T E M  ---------------

OS: Windows 8.1 , 64 bit Build 9600 

CPU:total 4 (2 cores per cpu, 2 threads per core) family 6 model 69 stepping 1, cmov, cx8, fxsr, mmx, sse, sse2, sse3, ssse3, sse4.1, sse4.2, popcnt, avx, avx2, aes, clmul, erms, lzcnt, ht, tsc, tscinvbit, bmi1, bmi2

Memory: 4k page, physical 8266712k(2954668k free), swap 9249752k(2722796k free)

vm_info: Java HotSpot(TM) 64-Bit Server VM (25.20-b23) for windows-amd64 JRE (1.8.0_20-b26), built on Jul 30 2014 13:51:23 by "java_re" with MS VC++ 10.0 (VS2010)

time: Thu Jan 01 13:32:07 2015
elapsed time: 0 seconds (0d 0h 0m 0s)

